<?xml version="1.0" encoding="UTF-8"?>
<testsuite xmlns:xsi="http://www.w3.org/2001/XMLSchema-instance" xsi:noNamespaceSchemaLocation="https://maven.apache.org/surefire/maven-surefire-plugin/xsd/surefire-test-report-3.0.xsd" version="3.0" name="org.openmetromaps.imports.config.TestReadSanJose" time="0.001" tests="0" errors="0" skipped="0" failures="0">
  <properties>
    <property name="java.specification.version" value="20"/>
    <property name="sun.cpu.isalist" value="amd64"/>
    <property name="sun.jnu.encoding" value="Cp1250"/>
    <property name="java.class.path" value="D:\School\Egyetem\3.felev\05_Szofttech\HF\hw-2023-WonderWarner-hu\subprojects\import-config\target\test-classes;D:\School\Egyetem\3.felev\05_Szofttech\HF\hw-2023-WonderWarner-hu\subprojects\import-config\target\classes;D:\School\Egyetem\3.felev\05_Szofttech\HF\hw-2023-WonderWarner-hu\subprojects\xml-dom-abstraction-desktop\target\openmetromaps-xml-dom-abstraction-desktop-1.0-SNAPSHOT.jar;D:\School\Egyetem\3.felev\05_Szofttech\HF\hw-2023-WonderWarner-hu\subprojects\xml-dom-abstraction\target\openmetromaps-xml-dom-abstraction-1.0-SNAPSHOT.jar;C:\Users\Felhasználó\.m2\repository\de\topobyte\adt-geo\0.0.4\adt-geo-0.0.4.jar;C:\Users\Felhasználó\.m2\repository\com\vividsolutions\jts\1.13\jts-1.13.jar;C:\Users\Felhasználó\.m2\repository\de\topobyte\melon-resources\0.0.1\melon-resources-0.0.1.jar;C:\Users\Felhasználó\.m2\repository\org\slf4j\slf4j-log4j12\1.6.1\slf4j-log4j12-1.6.1.jar;C:\Users\Felhasználó\.m2\repository\org\slf4j\slf4j-api\1.6.1\slf4j-api-1.6.1.jar;C:\Users\Felhasználó\.m2\repository\log4j\log4j\1.2.16\log4j-1.2.16.jar;"/>
    <property name="java.vm.vendor" value="Oracle Corporation"/>
    <property name="sun.arch.data.model" value="64"/>
    <property name="user.variant" value=""/>
    <property name="java.vendor.url" value="https://java.oracle.com/"/>
    <property name="user.timezone" value="Europe/Budapest"/>
    <property name="os.name" value="Windows 11"/>
    <property name="java.vm.specification.version" value="20"/>
    <property name="sun.java.launcher" value="SUN_STANDARD"/>
    <property name="user.country" value="HU"/>
    <property name="sun.boot.library.path" value="C:\Program Files\Java\jdk-20\bin"/>
    <property name="sun.java.command" value="C:\Users\Felhasználó\AppData\Local\Temp\surefire7141644557731420960\surefirebooter-20231025150144479_3.jar C:\Users\Felhasználó\AppData\Local\Temp\surefire7141644557731420960 2023-10-25T15-01-42_418-jvmRun1 surefire-20231025150144479_1tmp surefire_0-20231025150144479_2tmp"/>
    <property name="jdk.debug" value="release"/>
    <property name="surefire.test.class.path" value="D:\School\Egyetem\3.felev\05_Szofttech\HF\hw-2023-WonderWarner-hu\subprojects\import-config\target\test-classes;D:\School\Egyetem\3.felev\05_Szofttech\HF\hw-2023-WonderWarner-hu\subprojects\import-config\target\classes;D:\School\Egyetem\3.felev\05_Szofttech\HF\hw-2023-WonderWarner-hu\subprojects\xml-dom-abstraction-desktop\target\openmetromaps-xml-dom-abstraction-desktop-1.0-SNAPSHOT.jar;D:\School\Egyetem\3.felev\05_Szofttech\HF\hw-2023-WonderWarner-hu\subprojects\xml-dom-abstraction\target\openmetromaps-xml-dom-abstraction-1.0-SNAPSHOT.jar;C:\Users\Felhasználó\.m2\repository\de\topobyte\adt-geo\0.0.4\adt-geo-0.0.4.jar;C:\Users\Felhasználó\.m2\repository\com\vividsolutions\jts\1.13\jts-1.13.jar;C:\Users\Felhasználó\.m2\repository\de\topobyte\melon-resources\0.0.1\melon-resources-0.0.1.jar;C:\Users\Felhasználó\.m2\repository\org\slf4j\slf4j-log4j12\1.6.1\slf4j-log4j12-1.6.1.jar;C:\Users\Felhasználó\.m2\repository\org\slf4j\slf4j-api\1.6.1\slf4j-api-1.6.1.jar;C:\Users\Felhasználó\.m2\repository\log4j\log4j\1.2.16\log4j-1.2.16.jar;"/>
    <property name="sun.cpu.endian" value="little"/>
    <property name="user.home" value="C:\Users\Felhasználó"/>
    <property name="user.language" value="hu"/>
    <property name="java.specification.vendor" value="Oracle Corporation"/>
    <property name="java.version.date" value="2023-07-18"/>
    <property name="java.home" value="C:\Program Files\Java\jdk-20"/>
    <property name="file.separator" value="\"/>
    <property name="basedir" value="D:\School\Egyetem\3.felev\05_Szofttech\HF\hw-2023-WonderWarner-hu\subprojects\import-config"/>
    <property name="java.vm.compressedOopsMode" value="Zero based"/>
    <property name="line.separator" value="&#10;"/>
    <property name="java.vm.specification.vendor" value="Oracle Corporation"/>
    <property name="java.specification.name" value="Java Platform API Specification"/>
    <property name="surefire.real.class.path" value="C:\Users\Felhasználó\AppData\Local\Temp\surefire7141644557731420960\surefirebooter-20231025150144479_3.jar"/>
    <property name="user.script" value=""/>
    <property name="sun.management.compiler" value="HotSpot 64-Bit Tiered Compilers"/>
    <property name="java.runtime.version" value="20.0.2+9-78"/>
    <property name="user.name" value="Felhasználó"/>
    <property name="stdout.encoding" value="Cp1250"/>
    <property name="path.separator" value=";"/>
    <property name="os.version" value="10.0"/>
    <property name="java.runtime.name" value="Java(TM) SE Runtime Environment"/>
    <property name="file.encoding" value="UTF-8"/>
    <property name="java.vm.name" value="Java HotSpot(TM) 64-Bit Server VM"/>
    <property name="localRepository" value="C:\Users\Felhasználó\.m2\repository"/>
    <property name="java.vendor.url.bug" value="https://bugreport.java.com/bugreport/"/>
    <property name="java.io.tmpdir" value="C:\Users\FELHAS~1\AppData\Local\Temp\"/>
    <property name="java.version" value="20.0.2"/>
    <property name="user.dir" value="D:\School\Egyetem\3.felev\05_Szofttech\HF\hw-2023-WonderWarner-hu\subprojects\import-config"/>
    <property name="os.arch" value="amd64"/>
    <property name="java.vm.specification.name" value="Java Virtual Machine Specification"/>
    <property name="sun.os.patch.level" value=""/>
    <property name="native.encoding" value="Cp1250"/>
    <property name="java.library.path" value="C:\Program Files\Java\jdk-20\bin;C:\WINDOWS\Sun\Java\bin;C:\WINDOWS\system32;C:\WINDOWS;C:\Users\Felhasználó\bin;D:\Basic\Git\mingw64\bin;D:\Basic\Git\usr\local\bin;D:\Basic\Git\usr\bin;D:\Basic\Git\usr\bin;D:\Basic\Git\mingw64\bin;D:\Basic\Git\usr\bin;C:\Users\Felhasználó\bin;C:\Program Files\Microsoft\jdk-17.0.8.101-hotspot\bin;C:\Program Files (x86)\VMware\VMware Player\bin;C:\Program Files\Common Files\Oracle\Java\javapath;C:\Windows\system32;C:\Windows;C:\Windows\System32\Wbem;C:\Windows\System32\WindowsPowerShell\v1.0;C:\Windows\System32\OpenSSH;C:\Program Files\NVIDIA Corporation\NVIDIA NvDLISR;C:\Program Files (x86)\NVIDIA Corporation\PhysX\Common;C:\WINDOWS\system32;C:\WINDOWS;C:\WINDOWS\System32\Wbem;C:\WINDOWS\System32\WindowsPowerShell\v1.0;C:\WINDOWS\System32\OpenSSH;C:\Program Files (x86)\FFAIO\bin;D;D:\Basic\Git\cmd;C:\Users\Felhasználó\AppData\Local\Microsoft\WindowsApps;C:\Users\Felhasználó\AppData\Local\Programs\Microsoft VS Code\bin;C:\Users\Felhasználó\AppData\Local\gitkraken\bin;C:\Program Files\Microsoft\jdk-17.0.8.101-hotspot\bin;D:\School\Egyetem\3.felev\05_Szofttech\HF\Maven\apache-maven-3.9.5\bin;D:\Basic\Git\usr\bin\vendor_perl;D:\Basic\Git\usr\bin\core_perl;."/>
    <property name="java.vm.info" value="mixed mode, sharing"/>
    <property name="stderr.encoding" value="Cp1250"/>
    <property name="java.vendor" value="Oracle Corporation"/>
    <property name="java.vm.version" value="20.0.2+9-78"/>
    <property name="sun.io.unicode.encoding" value="UnicodeLittle"/>
    <property name="java.class.version" value="64.0"/>
  </properties>
</testsuite>